[2015-05-02 08:07:28] START
[2015-05-02 08:08:11] EDIT pro1/models/menu.py: 0
[2015-05-02 08:08:50] EDIT pro1/models/menu.py: 0
[2015-05-02 08:09:08] EDIT pro1/models/menu.py: 0
[2015-05-02 08:10:37] EDIT pro1/models/menu.py: 0
[2015-05-02 08:10:48] EDIT pro1/models/menu.py: 0
[2015-05-02 08:10:48] EDIT pro1/models/menu.py: 0
[2015-05-02 08:12:21] EDIT pro1/models/menu.py: 0
[2015-05-02 08:16:19] CREATE rev.py: 0
[2015-05-02 08:19:21] EDIT pro1/models/rev.py: 4
[2015-05-02 08:20:21] EDIT pro1/models/rev.py: 0
[2015-05-02 08:25:09] EDIT pro1/controllers/default.py: 2
[2015-05-02 08:25:29] EDIT pro1/controllers/default.py: 0
[2015-05-02 08:26:53] EDIT pro1/controllers/default.py: 1
[2015-05-02 08:29:17] CREATE default/review.html: 0
[2015-05-02 08:31:01] EDIT pro1/views/default/review.html: 2
[2015-05-02 08:34:40] EDIT pro1/controllers/default.py: 1
[2015-05-02 08:36:34] EDIT pro1/views/default/review.html: 3
[2015-05-02 08:39:02] EDIT pro1/controllers/default.py: 0
[2015-05-02 08:39:48] EDIT pro1/views/default/review.html: 1
[2015-05-02 08:45:29] EDIT pro1/views/default/review.html: 6
[2015-05-02 08:47:59] EDIT pro1/views/default/review.html: 1
[2015-05-02 08:51:32] EDIT pro1/controllers/default.py: 3
[2015-05-02 08:52:53] EDIT pro1/controllers/default.py: 0
[2015-05-02 08:53:05] EDIT pro1/controllers/default.py: 0
[2015-05-02 08:55:40] EDIT pro1/views/default/review.html: 0
[2015-05-02 08:57:33] EDIT pro1/views/default/review.html: 0
[2015-05-02 08:58:48] EDIT pro1/views/default/review.html: 0
[2015-05-02 09:05:35] CREATE default/reviews.html: 0
[2015-05-02 09:07:55] EDIT pro1/views/default/reviews.html: 5
[2015-05-02 09:09:40] EDIT pro1/views/default/reviews.html: 0
[2015-05-02 09:13:04] EDIT pro1/controllers/default.py: 2
[2015-05-02 09:13:30] CREATE default/creview.html: 0
[2015-05-02 09:15:01] EDIT pro1/views/default/creview.html: 2
[2015-05-02 09:16:29] EDIT pro1/views/default/review.html: -4
[2015-05-02 09:18:49] EDIT pro1/controllers/default.py: 1
[2015-05-02 09:19:32] EDIT pro1/controllers/default.py: 0
[2015-05-02 09:19:56] EDIT pro1/controllers/default.py: 0
[2015-05-02 12:17:17] EDIT pro1/models/menu.py: 0
[2015-05-02 12:22:26] EDIT pro1/models/menu.py: 0
[2015-05-02 12:31:08] EDIT pro1/models/menu.py: 3
[2015-05-02 12:33:15] EDIT pro1/models/menu.py: 0
[2015-05-02 12:33:23] EDIT pro1/models/menu.py: 0
[2015-05-02 12:33:50] EDIT pro1/controllers/default.py: 0
[2015-05-02 12:39:00] EDIT pro1/controllers/default.py: 3
[2015-05-02 12:39:07] EDIT pro1/controllers/default.py: 0
[2015-05-02 12:39:35] EDIT pro1/controllers/default.py: 0
[2015-05-02 12:41:44] EDIT pro1/controllers/default.py: 1
[2015-05-02 12:49:13] EDIT pro1/controllers/default.py: 3
[2015-05-02 12:49:25] EDIT pro1/controllers/default.py: 0
[2015-05-02 12:56:10] EDIT pro1/controllers/default.py: 1
[2015-05-02 13:28:01] EDIT pro1/models/rev.py: 0
[2015-05-02 13:29:49] EDIT pro1/views/default/review.html: 0
[2015-05-02 13:30:24] EDIT pro1/views/default/reviews.html: 0
[2015-05-02 13:34:08] EDIT pro1/controllers/default.py: -3
[2015-05-02 13:36:03] EDIT pro1/views/default/reviews.html: 0
[2015-05-02 13:36:36] EDIT pro1/views/default/review.html: 0
[2015-05-02 13:40:56] EDIT pro1/views/default/review.html: 0
[2015-05-02 13:41:20] EDIT pro1/views/default/reviews.html: 0
[2015-05-02 13:41:50] EDIT pro1/views/default/reviews.html: 0
[2015-05-02 13:55:07] EDIT pro1/controllers/default.py: 0
[2015-05-02 13:55:36] EDIT pro1/controllers/default.py: 0
[2015-05-02 13:56:57] EDIT pro1/controllers/default.py: 0
[2015-05-02 13:57:18] EDIT pro1/controllers/default.py: 0
[2015-05-02 13:58:42] EDIT pro1/controllers/default.py: 0
[2015-05-02 14:03:44] EDIT pro1/models/menu.py: 3
[2015-05-02 14:04:14] EDIT pro1/models/menu.py: 0
[2015-05-02 14:04:44] EDIT pro1/models/menu.py: 0
[2015-05-02 14:05:28] EDIT pro1/models/menu.py: -1
[2015-05-02 14:07:39] EDIT pro1/controllers/default.py: 2
[2015-05-02 14:08:19] EDIT pro1/controllers/default.py: 0
[2015-05-02 14:09:10] EDIT pro1/controllers/default.py: 0
[2015-05-02 14:09:51] EDIT pro1/controllers/default.py: 0
[2015-05-02 14:10:10] EDIT pro1/controllers/default.py: 0
[2015-05-02 14:11:22] EDIT pro1/controllers/default.py: 0
[2015-05-02 14:14:31] EDIT pro1/models/menu.py: 2
[2015-05-02 14:15:14] EDIT pro1/models/menu.py: 0
[2015-05-02 14:22:20] CREATE train.py: 0
[2015-05-02 16:25:57] DELETE pro1/models/train.py: 0
[2015-05-02 17:00:02] EDIT pro1/models/db.py: 36
[2015-05-02 17:07:16] EDIT pro1/models/menu.py: -3
[2015-05-02 17:21:54] EDIT pro1/controllers/default.py: 5
[2015-05-02 17:23:16] CREATE search_flight.html: 0
[2015-05-02 17:23:32] EDIT pro1/controllers/default.py: 0
[2015-05-02 17:23:47] EDIT pro1/controllers/default.py: 0
[2015-05-02 17:24:19] EDIT pro1/controllers/default.py: 0
[2015-05-02 17:24:49] EDIT pro1/models/menu.py: 0
[2015-05-02 17:27:16] EDIT pro1/controllers/default.py: 0
[2015-05-02 17:29:25] EDIT pro1/views/search_flight.html: 2
[2015-05-02 17:29:41] EDIT pro1/models/db.py: 0
[2015-05-02 17:30:01] EDIT pro1/models/db.py: 0
[2015-05-02 17:30:03] EDIT pro1/models/db.py: 0
[2015-05-02 17:30:26] EDIT pro1/models/db.py: 1
[2015-05-02 17:31:53] EDIT pro1/models/db.py: 0
[2015-05-02 17:32:33] EDIT pro1/models/db.py: 0
[2015-05-02 17:33:08] EDIT pro1/models/db.py: 0
[2015-05-02 17:33:30] EDIT pro1/models/db.py: 0
[2015-05-02 17:33:45] EDIT pro1/models/db.py: 0
[2015-05-02 17:40:57] EDIT pro1/models/menu.py: 1
[2015-05-02 17:41:47] EDIT pro1/controllers/default.py: 4
[2015-05-02 17:42:32] EDIT pro1/models/db.py: 0
[2015-05-02 17:42:34] EDIT pro1/models/db.py: 0
[2015-05-02 17:43:01] EDIT pro1/models/db.py: 0
[2015-05-02 17:50:43] CREATE search_train.html: 0
[2015-05-02 17:51:06] EDIT pro1/views/search_train.html: 2
[2015-05-02 17:53:55] EDIT pro1/models/db.py: 17
[2015-05-02 17:54:33] EDIT pro1/models/db.py: -4
[2015-05-02 17:56:42] EDIT pro1/controllers/default.py: 5
[2015-05-02 18:31:54] EDIT pro1/models/db.py: 0
[2015-05-02 18:32:03] EDIT pro1/models/db.py: -1
[2015-05-02 18:37:57] EDIT pro1/controllers/default.py: 14
[2015-05-02 18:38:11] EDIT pro1/controllers/default.py: 0
[2015-05-02 18:38:42] EDIT pro1/controllers/default.py: 0
[2015-05-02 18:39:05] EDIT pro1/controllers/default.py: 0
[2015-05-02 18:39:47] EDIT pro1/controllers/default.py: 0
[2015-05-02 18:40:32] EDIT pro1/controllers/default.py: 0
[2015-05-02 18:40:33] EDIT pro1/controllers/default.py: 0
[2015-05-02 18:43:04] EDIT pro1/controllers/default.py: 0
[2015-05-02 18:43:23] EDIT pro1/controllers/default.py: 0
[2015-05-02 18:43:40] EDIT pro1/controllers/default.py: 0
[2015-05-02 18:43:46] EDIT pro1/controllers/default.py: 0
[2015-05-02 18:44:54] EDIT pro1/controllers/default.py: 0
[2015-05-02 18:44:57] EDIT pro1/controllers/default.py: 0
[2015-05-02 18:44:59] EDIT pro1/controllers/default.py: 0
[2015-05-02 18:45:03] EDIT pro1/controllers/default.py: 0
[2015-05-02 18:45:05] EDIT pro1/controllers/default.py: 0
[2015-05-02 18:45:05] EDIT pro1/controllers/default.py: 0
[2015-05-02 18:45:05] EDIT pro1/controllers/default.py: 0
[2015-05-02 18:45:07] EDIT pro1/controllers/default.py: 0
[2015-05-02 18:45:28] EDIT pro1/controllers/default.py: 0
[2015-05-02 18:45:29] EDIT pro1/controllers/default.py: 0
[2015-05-02 18:45:29] EDIT pro1/controllers/default.py: 0
[2015-05-02 18:45:29] EDIT pro1/controllers/default.py: 0
[2015-05-02 18:45:29] EDIT pro1/controllers/default.py: 0
[2015-05-02 18:45:38] EDIT pro1/controllers/default.py: 0
[2015-05-02 18:45:40] EDIT pro1/controllers/default.py: 0
[2015-05-02 18:45:54] EDIT pro1/controllers/default.py: 0
[2015-05-02 18:45:59] EDIT pro1/controllers/default.py: 0
[2015-05-02 18:46:06] EDIT pro1/controllers/default.py: 0
[2015-05-02 18:46:17] EDIT pro1/controllers/default.py: 0
[2015-05-02 18:46:31] EDIT pro1/controllers/default.py: 0
[2015-05-02 18:48:02] EDIT pro1/controllers/default.py: 1
[2015-05-02 18:48:20] EDIT pro1/controllers/default.py: 0
[2015-05-02 18:48:21] EDIT pro1/controllers/default.py: 0
[2015-05-02 18:48:21] EDIT pro1/controllers/default.py: 0
[2015-05-02 18:56:27] EDIT pro1/controllers/default.py: 0
[2015-05-02 18:56:39] EDIT pro1/controllers/default.py: 0
[2015-05-02 18:56:49] EDIT pro1/controllers/default.py: 0
[2015-05-02 18:56:51] EDIT pro1/controllers/default.py: 0
[2015-05-02 18:56:51] EDIT pro1/controllers/default.py: 0
[2015-05-02 18:59:16] EDIT pro1/controllers/default.py: 1
[2015-05-02 18:59:17] EDIT pro1/controllers/default.py: 0
[2015-05-02 18:59:19] EDIT pro1/controllers/default.py: 0
[2015-05-02 18:59:30] EDIT pro1/controllers/default.py: 0
[2015-05-02 18:59:32] EDIT pro1/controllers/default.py: 0
[2015-05-02 18:59:32] EDIT pro1/controllers/default.py: 0
[2015-05-02 18:59:32] EDIT pro1/controllers/default.py: 0
[2015-05-02 18:59:32] EDIT pro1/controllers/default.py: 0
[2015-05-02 18:59:59] EDIT pro1/controllers/default.py: -5
[2015-05-02 18:59:59] EDIT pro1/controllers/default.py: 0
[2015-05-02 19:00:24] EDIT pro1/controllers/default.py: 3
[2015-05-02 19:00:25] EDIT pro1/controllers/default.py: 0
[2015-05-02 19:00:29] EDIT pro1/controllers/default.py: -5
[2015-05-02 19:01:46] EDIT pro1/controllers/default.py: 12
[2015-05-02 19:02:53] EDIT pro1/controllers/default.py: -6
[2015-05-02 19:03:16] EDIT pro1/controllers/default.py: 0
[2015-05-02 19:03:52] EDIT pro1/controllers/default.py: 0
[2015-05-02 19:04:13] EDIT pro1/controllers/default.py: 6
[2015-05-02 19:04:30] EDIT pro1/controllers/default.py: 0
[2015-05-03 00:05:17] EDIT pro1/controllers/default.py: 0
[2015-05-03 00:42:05] EDIT pro1/models/db.py: 0
[2015-05-03 00:42:10] EDIT pro1/models/db.py: -1
[2015-05-03 00:44:28] EDIT pro1/controllers/default.py: 13
[2015-05-03 00:45:15] EDIT pro1/controllers/default.py: 0
[2015-05-03 00:45:29] EDIT pro1/controllers/default.py: 0
[2015-05-03 00:46:24] EDIT pro1/controllers/default.py: 0
[2015-05-03 00:46:42] EDIT pro1/controllers/default.py: -3
[2015-05-03 00:46:43] EDIT pro1/controllers/default.py: 0
[2015-05-03 00:46:44] EDIT pro1/controllers/default.py: 0
[2015-05-03 00:47:28] EDIT pro1/controllers/default.py: 0
[2015-05-03 00:47:47] EDIT pro1/controllers/default.py: -2
[2015-05-03 00:48:11] EDIT pro1/controllers/default.py: 0
[2015-05-03 00:48:38] EDIT pro1/controllers/default.py: 0
[2015-05-03 00:50:22] EDIT pro1/controllers/default.py: -5
[2015-05-03 00:54:40] EDIT pro1/models/db.py: 0
[2015-05-03 00:55:48] EDIT pro1/models/db.py: 0
[2015-05-03 00:56:25] EDIT pro1/models/db.py: 0
[2015-05-03 00:57:15] EDIT pro1/controllers/default.py: 0
[2015-05-03 00:59:03] EDIT pro1/models/menu.py: 3
[2015-05-03 01:02:35] EDIT pro1/controllers/default.py: 0
[2015-05-03 01:03:18] EDIT pro1/controllers/default.py: 0
[2015-05-03 01:06:25] EDIT pro1/controllers/default.py: 0
[2015-05-03 01:06:43] EDIT pro1/controllers/default.py: 0
[2015-05-03 01:09:40] EDIT pro1/controllers/default.py: 0
[2015-05-03 01:10:13] EDIT pro1/controllers/default.py: 1
[2015-05-03 01:10:28] EDIT pro1/controllers/default.py: 0
[2015-05-03 01:11:59] EDIT pro1/controllers/default.py: 0
[2015-05-03 01:13:06] EDIT pro1/controllers/default.py: 0
[2015-05-03 01:15:19] EDIT pro1/controllers/default.py: 0
[2015-05-03 01:55:21] EDIT pro1/controllers/default.py: 20
[2015-05-03 01:58:28] EDIT pro1/controllers/default.py: 0
[2015-05-03 02:13:16] EDIT pro1/models/db.py: 0
[2015-05-03 02:14:31] EDIT pro1/models/db.py: 0
[2015-05-03 02:14:46] EDIT pro1/models/db.py: 0
[2015-05-03 02:17:33] EDIT pro1/controllers/default.py: 2
[2015-05-03 02:17:50] EDIT pro1/controllers/default.py: 1
[2015-05-03 02:18:12] EDIT pro1/controllers/default.py: 0
[2015-05-03 02:18:48] EDIT pro1/controllers/default.py: 0
[2015-05-03 02:19:32] EDIT pro1/controllers/default.py: 0
[2015-05-03 02:19:35] EDIT pro1/controllers/default.py: 0
[2015-05-03 02:21:08] EDIT pro1/controllers/default.py: 0
[2015-05-03 11:58:53] EDIT pro1/controllers/default.py: 2
[2015-05-03 11:59:01] EDIT pro1/controllers/default.py: 0
[2015-05-03 12:01:45] EDIT pro1/controllers/default.py: 0
[2015-05-03 12:02:15] EDIT pro1/controllers/default.py: 0
[2015-05-03 12:05:24] EDIT pro1/controllers/default.py: 0
[2015-05-03 12:06:05] EDIT pro1/controllers/default.py: 0
[2015-05-03 12:08:25] EDIT pro1/controllers/default.py: 0
[2015-05-03 12:08:26] EDIT pro1/controllers/default.py: 0
[2015-05-03 12:09:10] EDIT pro1/controllers/default.py: 0
[2015-05-03 12:30:40] EDIT pro1/controllers/default.py: 0
[2015-05-03 12:31:16] EDIT pro1/controllers/default.py: 1
[2015-05-03 12:31:37] EDIT pro1/controllers/default.py: 0
[2015-05-03 12:34:01] EDIT pro1/controllers/default.py: 0
[2015-05-03 12:44:07] EDIT pro1/controllers/default.py: 1
[2015-05-03 12:44:30] EDIT pro1/controllers/default.py: 0
[2015-05-03 12:44:37] EDIT pro1/controllers/default.py: 0
[2015-05-03 12:48:30] EDIT pro1/controllers/default.py: 4
[2015-05-03 12:50:42] EDIT pro1/controllers/default.py: -1
[2015-05-03 12:50:44] EDIT pro1/controllers/default.py: 0
[2015-05-03 12:51:27] EDIT pro1/controllers/default.py: 0
[2015-05-03 12:52:17] EDIT pro1/controllers/default.py: 0
[2015-05-03 12:53:50] EDIT pro1/controllers/default.py: 0
[2015-05-03 12:54:08] EDIT pro1/controllers/default.py: 0
[2015-05-03 12:55:07] EDIT pro1/controllers/default.py: -1
[2015-05-03 13:14:56] EDIT pro1/controllers/default.py: -1
[2015-05-03 13:15:38] EDIT pro1/controllers/default.py: 0
[2015-05-03 13:16:39] EDIT pro1/models/db.py: 0
[2015-05-03 13:17:09] EDIT pro1/controllers/default.py: 0
[2015-05-03 13:17:40] EDIT pro1/controllers/default.py: 0
[2015-05-03 13:24:40] EDIT pro1/models/db.py: 0
[2015-05-03 13:25:58] EDIT pro1/controllers/default.py: 0
[2015-05-03 13:31:21] EDIT pro1/models/db.py: 0
[2015-05-03 13:34:11] EDIT pro1/controllers/default.py: 0
[2015-05-03 13:46:29] EDIT pro1/controllers/default.py: 0
[2015-05-03 13:47:15] EDIT pro1/controllers/default.py: 0
[2015-05-03 13:57:56] EDIT pro1/models/db.py: 0
[2015-05-03 14:06:48] EDIT pro1/models/db.py: -6
[2015-05-03 14:19:50] EDIT pro1/models/db.py: 0
[2015-05-03 14:30:49] EDIT pro1/models/db.py: 0
[2015-05-03 14:31:10] EDIT pro1/controllers/default.py: 0
[2015-05-03 14:33:43] EDIT pro1/models/db.py: 0
[2015-05-03 14:39:37] EDIT pro1/models/db.py: 0
[2015-05-03 14:40:52] EDIT pro1/models/db.py: 0
[2015-05-03 14:43:15] EDIT pro1/models/db.py: 0
[2015-05-03 14:45:30] EDIT pro1/models/db.py: 0
[2015-05-03 14:45:43] EDIT pro1/models/db.py: 0
[2015-05-03 14:46:17] EDIT pro1/models/db.py: 0
[2015-05-03 14:46:18] EDIT pro1/models/db.py: 0
[2015-05-03 15:37:05] EDIT pro1/controllers/default.py: 0
[2015-05-03 15:43:42] EDIT pro1/controllers/default.py: 4
[2015-05-03 15:45:06] EDIT pro1/controllers/default.py: 0
[2015-05-03 15:47:31] EDIT pro1/controllers/default.py: 1
[2015-05-03 15:48:03] EDIT pro1/controllers/default.py: 0
[2015-05-03 15:49:30] EDIT pro1/controllers/default.py: 0
[2015-05-03 15:49:38] EDIT pro1/controllers/default.py: 0
[2015-05-03 15:50:16] EDIT pro1/controllers/default.py: 0
[2015-05-03 15:54:45] EDIT pro1/controllers/default.py: -1
[2015-05-03 15:58:43] EDIT pro1/controllers/default.py: 1
[2015-05-03 16:00:14] EDIT pro1/controllers/default.py: 0
[2015-05-03 16:02:03] EDIT pro1/controllers/default.py: -1
[2015-05-03 16:02:58] EDIT pro1/controllers/default.py: 0
[2015-05-03 16:04:34] EDIT pro1/controllers/default.py: 0
[2015-05-03 16:06:04] EDIT pro1/controllers/default.py: 0
[2015-05-03 16:09:32] EDIT pro1/controllers/default.py: 0
[2015-05-03 16:11:28] EDIT pro1/controllers/default.py: 0
[2015-05-03 16:11:29] EDIT pro1/controllers/default.py: 0
[2015-05-03 16:13:15] EDIT pro1/controllers/default.py: 0
[2015-05-03 16:14:25] EDIT pro1/controllers/default.py: 0
[2015-05-03 16:14:52] EDIT pro1/controllers/default.py: 0
[2015-05-03 16:15:57] EDIT pro1/controllers/default.py: 0
[2015-05-03 16:17:42] EDIT pro1/controllers/default.py: 0
[2015-05-03 16:18:07] EDIT pro1/controllers/default.py: 0
[2015-05-03 16:20:04] EDIT pro1/controllers/default.py: 1
[2015-05-03 16:20:22] EDIT pro1/controllers/default.py: 0
[2015-05-03 16:21:03] EDIT pro1/controllers/default.py: 0
[2015-05-03 16:21:19] EDIT pro1/controllers/default.py: 0
[2015-05-03 16:22:37] EDIT pro1/controllers/default.py: -1
[2015-05-03 16:25:15] EDIT pro1/controllers/default.py: 3
[2015-05-03 16:26:36] EDIT pro1/controllers/default.py: 0
[2015-05-03 16:43:58] EDIT pro1/controllers/default.py: 0
[2015-05-03 16:44:00] EDIT pro1/controllers/default.py: 0
[2015-05-03 16:44:56] EDIT pro1/controllers/default.py: 0
[2015-05-03 16:45:52] EDIT pro1/controllers/default.py: -1
[2015-05-03 16:49:18] EDIT pro1/controllers/default.py: 1
[2015-05-03 16:50:01] EDIT pro1/controllers/default.py: 0
[2015-05-03 16:50:37] EDIT pro1/controllers/default.py: 0
[2015-05-03 16:51:00] EDIT pro1/controllers/default.py: 0
[2015-05-03 17:03:14] EDIT pro1/controllers/default.py: 11
[2015-05-03 17:03:32] EDIT pro1/controllers/default.py: 0
[2015-05-03 17:06:03] EDIT pro1/controllers/default.py: 0
[2015-05-03 17:18:48] EDIT pro1/controllers/default.py: 4
[2015-05-03 17:19:38] EDIT pro1/models/menu.py: 1
[2015-05-03 17:20:03] EDIT pro1/models/menu.py: 0
[2015-05-03 17:26:41] EDIT pro1/controllers/default.py: 0
[2015-05-03 17:53:59] EDIT pro1/controllers/default.py: -4
[2015-05-03 17:54:55] EDIT pro1/controllers/default.py: 0
[2015-05-03 17:56:56] EDIT pro1/controllers/default.py: 1
[2015-05-03 17:57:33] CREATE default/result_flight.html: 0
[2015-05-03 17:58:01] EDIT pro1/views/default/result_flight.html: 2
[2015-05-03 17:59:26] EDIT pro1/views/default/result_flight.html: 0
[2015-05-03 18:00:01] EDIT pro1/models/menu.py: 0
[2015-05-03 18:02:08] EDIT pro1/controllers/default.py: 1
[2015-05-03 18:02:33] EDIT pro1/controllers/default.py: 0
[2015-05-03 18:14:56] EDIT pro1/controllers/default.py: 0
[2015-05-03 20:40:09] EDIT pro1/controllers/default.py: 1
[2015-05-03 20:56:34] EDIT pro1/models/db.py: 2
[2015-05-03 20:56:35] EDIT pro1/models/db.py: 0
[2015-05-03 21:04:36] EDIT pro1/controllers/default.py: 4
[2015-05-03 21:05:12] EDIT pro1/controllers/default.py: 0
[2015-05-03 21:10:54] EDIT pro1/views/default/result_flight.html: 39
[2015-05-03 21:12:42] EDIT pro1/controllers/default.py: 3
[2015-05-03 21:12:55] EDIT pro1/controllers/default.py: 0
[2015-05-03 21:13:21] EDIT pro1/controllers/default.py: 0
[2015-05-03 21:13:30] EDIT pro1/controllers/default.py: 0
[2015-05-03 21:15:31] EDIT pro1/controllers/default.py: 0
[2015-05-03 21:16:28] EDIT pro1/controllers/default.py: 0
[2015-05-03 21:19:40] EDIT pro1/views/default/result_flight.html: -40
[2015-05-03 21:21:23] EDIT pro1/controllers/default.py: 0
[2015-05-03 21:22:19] EDIT pro1/controllers/default.py: 0
[2015-05-03 21:23:21] EDIT pro1/controllers/default.py: -3
[2015-05-03 21:23:28] EDIT pro1/views/default/result_flight.html: 40
[2015-05-03 21:25:53] EDIT pro1/views/default/result_flight.html: 0
[2015-05-03 21:26:57] EDIT pro1/views/default/result_flight.html: 0
[2015-05-03 21:28:00] EDIT pro1/views/default/result_flight.html: 0
[2015-05-03 22:25:16] EDIT pro1/controllers/default.py: 0
[2015-05-03 22:28:01] EDIT pro1/views/default/result_flight.html: 0
[2015-05-03 22:28:08] EDIT pro1/views/default/result_flight.html: 0
[2015-05-03 22:28:27] EDIT pro1/views/default/result_flight.html: 0
[2015-05-03 22:30:41] EDIT pro1/models/db.py: 2
[2015-05-03 22:31:50] EDIT pro1/models/db.py: 0
[2015-05-03 22:31:52] EDIT pro1/models/db.py: 0
[2015-05-03 22:34:21] EDIT pro1/views/default/result_flight.html: 0
[2015-05-03 22:36:18] EDIT pro1/controllers/default.py: 2
[2015-05-03 22:37:09] EDIT pro1/models/db.py: 0
[2015-05-03 22:38:24] EDIT pro1/controllers/default.py: 0
[2015-05-03 22:39:04] EDIT pro1/views/default/result_flight.html: 0
[2015-05-03 22:40:08] EDIT pro1/controllers/default.py: 0
[2015-05-03 22:40:42] EDIT pro1/views/default/result_flight.html: 0
[2015-05-03 22:40:57] EDIT pro1/views/default/result_flight.html: 1
[2015-05-03 22:41:50] EDIT pro1/views/default/result_flight.html: 1
[2015-05-03 22:42:20] EDIT pro1/views/default/result_flight.html: 0
[2015-05-03 22:42:43] EDIT pro1/views/default/result_flight.html: 0
[2015-05-03 22:43:01] EDIT pro1/views/default/result_flight.html: 0
[2015-05-03 22:49:52] EDIT pro1/controllers/default.py: 6
[2015-05-03 22:51:23] EDIT pro1/controllers/default.py: 2
[2015-05-03 22:51:46] EDIT pro1/views/default/result_flight.html: 0
[2015-05-04 00:35:32] EDIT pro1/models/db.py: -1
[2015-05-04 00:38:51] EDIT pro1/views/default/result_flight.html: 0
[2015-05-04 00:39:09] EDIT pro1/views/default/result_flight.html: 0
[2015-05-04 00:39:53] EDIT pro1/views/default/result_flight.html: 0
[2015-05-04 00:43:31] EDIT pro1/views/default/result_flight.html: 1
[2015-05-04 00:44:04] EDIT pro1/views/default/result_flight.html: 1
[2015-05-04 00:47:08] EDIT pro1/views/default/result_flight.html: 4
[2015-05-04 00:47:37] EDIT pro1/views/default/result_flight.html: 1
[2015-05-04 00:50:51] EDIT pro1/views/default/result_flight.html: -1
[2015-05-04 00:59:16] CREATE confirm.html: 0
[2015-05-04 00:59:33] CREATE default/confirm.html: 0
[2015-05-04 00:59:58] DELETE pro1/views/confirm.html: -3
[2015-05-04 01:00:17] EDIT pro1/views/default/confirm.html: 38
[2015-05-04 01:00:46] EDIT pro1/views/default/result_flight.html: 0
[2015-05-04 01:06:17] EDIT pro1/views/default/confirm.html: 2
[2015-05-04 01:07:39] EDIT pro1/views/default/confirm.html: -2
[2015-05-04 01:07:44] EDIT pro1/views/default/confirm.html: 0
[2015-05-04 01:08:49] EDIT pro1/controllers/default.py: 2
[2015-05-04 01:09:27] EDIT pro1/views/default/result_flight.html: 0
[2015-05-04 01:09:37] EDIT pro1/views/default/confirm.html: 0
[2015-05-04 01:11:11] EDIT pro1/views/default/result_flight.html: 0
[2015-05-04 01:12:56] EDIT pro1/views/default/confirm.html: 0
[2015-05-04 01:14:10] EDIT pro1/views/default/result_flight.html: 0
[2015-05-04 01:15:19] EDIT pro1/views/default/result_flight.html: 0
[2015-05-04 01:15:39] EDIT pro1/views/default/result_flight.html: 0
[2015-05-04 01:16:09] EDIT pro1/views/default/confirm.html: 0
[2015-05-04 01:16:24] EDIT pro1/views/default/confirm.html: 0
[2015-05-04 01:16:35] EDIT pro1/views/default/confirm.html: 0
[2015-05-04 01:17:00] EDIT pro1/views/default/confirm.html: 0
[2015-05-04 01:17:18] EDIT pro1/views/default/confirm.html: 0
[2015-05-04 01:17:30] EDIT pro1/views/default/confirm.html: 0
[2015-05-04 01:17:48] EDIT pro1/views/default/confirm.html: 1
[2015-05-04 01:23:21] EDIT pro1/views/default/confirm.html: 1
[2015-05-04 01:50:37] EDIT pro1/views/default/confirm.html: 0
[2015-05-04 01:50:38] EDIT pro1/views/default/confirm.html: 0
[2015-05-04 01:55:23] EDIT pro1/views/default/confirm.html: 0
[2015-05-04 01:58:57] EDIT pro1/views/default/result_flight.html: 0
[2015-05-04 01:59:45] EDIT pro1/views/default/result_flight.html: 0
[2015-05-04 02:01:26] EDIT pro1/views/default/confirm.html: 0
[2015-05-04 02:02:11] EDIT pro1/views/default/confirm.html: 0
[2015-05-04 02:02:44] EDIT pro1/views/default/confirm.html: 0
[2015-05-04 02:05:07] EDIT pro1/views/default/confirm.html: 0
[2015-05-04 02:05:30] EDIT pro1/views/default/confirm.html: 0
[2015-05-04 02:05:54] EDIT pro1/views/default/confirm.html: 0
[2015-05-04 02:09:53] EDIT pro1/views/default/result_flight.html: 0
[2015-05-04 13:50:07] EDIT pro1/controllers/default.py: 20
[2015-05-04 13:52:59] EDIT pro1/controllers/default.py: 0
[2015-05-04 13:54:07] EDIT pro1/models/db.py: 0
[2015-05-04 13:57:09] CREATE default/viewbookings.html.py: 0
[2015-05-04 13:58:09] CREATE default/viewbookings.html: 0
[2015-05-04 13:58:34] DELETE pro1/models/default/viewbookings.html.py: 0
[2015-05-04 14:02:16] EDIT pro1/views/default/viewbookings.html: 113
[2015-05-04 16:00:14] EDIT pro1/views/default/confirm.html: 0
[2015-05-04 16:43:25] EDIT pro1/views/default/result_flight.html: 0
[2015-05-04 16:43:36] EDIT pro1/views/default/result_flight.html: 0
[2015-05-04 19:08:17] EDIT pro1/controllers/default.py: 8
[2015-05-04 19:11:58] EDIT pro1/controllers/default.py: 0
[2015-05-04 19:30:55] EDIT pro1/views/default/confirm.html: 0
[2015-05-04 19:31:47] EDIT pro1/controllers/default.py: 0
[2015-05-04 19:32:03] EDIT pro1/controllers/default.py: 0
[2015-05-04 19:33:17] EDIT pro1/controllers/default.py: 0
[2015-05-04 20:00:02] EDIT pro1/views/default/viewbookings.html: 0
[2015-05-04 20:26:36] EDIT pro1/views/default/viewbookings.html: 0
[2015-05-04 20:29:04] EDIT pro1/views/default/viewbookings.html: 0
[2015-05-04 20:29:23] EDIT pro1/views/default/viewbookings.html: 0
[2015-05-04 20:35:06] EDIT pro1/controllers/default.py: 0
[2015-05-04 20:35:32] EDIT pro1/models/db.py: -2
[2015-05-04 20:38:40] EDIT pro1/controllers/default.py: -2
[2015-05-04 20:41:09] EDIT pro1/controllers/default.py: 0
[2015-05-04 20:49:08] EDIT pro1/controllers/default.py: 0
[2015-05-04 22:25:49] EDIT pro1/controllers/default.py: -2
[2015-05-04 22:26:42] EDIT pro1/controllers/default.py: 0
[2015-05-04 22:30:03] EDIT pro1/models/db.py: 0
[2015-05-04 22:31:20] EDIT pro1/models/db.py: 0
[2015-05-04 22:32:37] EDIT pro1/controllers/default.py: 0
[2015-05-04 22:37:46] EDIT pro1/controllers/default.py: 1
[2015-05-04 22:38:02] EDIT pro1/controllers/default.py: 0
[2015-05-04 22:38:32] EDIT pro1/controllers/default.py: -1
[2015-05-04 22:40:45] EDIT pro1/models/db.py: 0
[2015-05-04 22:41:26] EDIT pro1/controllers/default.py: 0
[2015-05-04 22:42:52] EDIT pro1/controllers/default.py: 5
[2015-05-04 22:42:58] EDIT pro1/controllers/default.py: 0
[2015-05-04 22:45:15] EDIT pro1/views/default/confirm.html: 0
[2015-05-04 22:45:22] EDIT pro1/views/default/confirm.html: 0
[2015-05-04 22:46:23] EDIT pro1/models/db.py: 0
[2015-05-04 22:47:31] EDIT pro1/models/db.py: -2
[2015-05-04 22:49:24] EDIT pro1/controllers/default.py: -5
[2015-05-04 22:52:54] EDIT pro1/controllers/default.py: 8
[2015-05-04 23:32:18] EDIT pro1/views/default/result_flight.html: 0
[2015-05-04 23:36:01] EDIT pro1/controllers/default.py: 0
[2015-05-04 23:50:00] EDIT pro1/views/default/confirm.html: 0
[2015-05-04 23:54:56] EDIT pro1/views/default/confirm.html: 2
[2015-05-04 23:55:53] EDIT pro1/views/default/result_flight.html: 0
[2015-05-04 23:55:55] EDIT pro1/views/default/result_flight.html: 0
[2015-05-04 23:58:47] EDIT pro1/controllers/default.py: -8
[2015-05-04 23:59:34] EDIT pro1/views/default/result_flight.html: 0
[2015-05-05 00:01:20] EDIT pro1/controllers/default.py: 0
[2015-05-05 00:32:22] EDIT pro1/models/db.py: 1
[2015-05-05 00:33:06] EDIT pro1/controllers/default.py: 0
[2015-05-05 00:33:46] EDIT pro1/views/default/confirm.html: 0
[2015-05-05 00:35:11] EDIT pro1/views/default/viewbookings.html: -3
[2015-05-05 00:37:16] EDIT pro1/views/default/viewbookings.html: 0
[2015-05-05 00:38:10] EDIT pro1/views/default/viewbookings.html: 0
[2015-05-05 00:39:29] EDIT pro1/views/default/viewbookings.html: -1
[2015-05-05 00:43:01] EDIT pro1/views/default/viewbookings.html: 0
[2015-05-05 00:44:01] EDIT pro1/views/default/viewbookings.html: 0
[2015-05-05 00:44:11] EDIT pro1/views/default/viewbookings.html: 0
[2015-05-05 00:45:05] EDIT pro1/views/default/viewbookings.html: 0
[2015-05-05 00:54:52] EDIT pro1/controllers/default.py: 2
[2015-05-05 00:55:59] EDIT pro1/controllers/default.py: 1
[2015-05-05 00:56:21] EDIT pro1/controllers/default.py: 0
[2015-05-05 01:02:42] EDIT pro1/controllers/default.py: 0
[2015-05-05 01:04:44] EDIT pro1/views/default/viewbookings.html: 0
[2015-05-05 01:06:59] EDIT pro1/views/default/confirm.html: 1
[2015-05-05 01:07:02] EDIT pro1/views/default/confirm.html: 0
[2015-05-05 01:08:08] EDIT pro1/views/default/confirm.html: -1
[2015-05-05 01:09:28] EDIT pro1/views/default/confirm.html: 0
[2015-05-05 01:09:42] EDIT pro1/views/default/confirm.html: 0
[2015-05-05 01:10:03] EDIT pro1/views/default/confirm.html: 0
[2015-05-05 01:10:27] EDIT pro1/views/default/confirm.html: 1
[2015-05-05 01:10:28] EDIT pro1/views/default/confirm.html: 0
[2015-05-05 01:10:41] EDIT pro1/views/default/confirm.html: 0
[2015-05-05 01:11:06] EDIT pro1/views/default/confirm.html: 1
[2015-05-05 01:11:26] EDIT pro1/views/default/confirm.html: -1
[2015-05-05 01:11:38] EDIT pro1/views/default/confirm.html: 0
[2015-05-05 01:11:49] EDIT pro1/views/default/confirm.html: 0
[2015-05-05 01:11:57] EDIT pro1/views/default/confirm.html: 0
[2015-05-05 01:11:59] EDIT pro1/views/default/confirm.html: 0
[2015-05-05 01:12:10] EDIT pro1/views/default/confirm.html: 0
[2015-05-05 01:12:27] EDIT pro1/views/default/confirm.html: -1
[2015-05-05 01:12:41] EDIT pro1/views/default/confirm.html: -1
[2015-05-05 01:12:57] EDIT pro1/views/default/confirm.html: 1
[2015-05-05 01:18:32] EDIT pro1/models/menu.py: 2
[2015-05-05 01:20:02] EDIT pro1/models/menu.py: 0
[2015-05-05 01:20:34] EDIT pro1/views/default/viewbookings.html: 0
[2015-05-05 01:21:22] EDIT pro1/models/menu.py: 0
[2015-05-05 01:23:04] EDIT pro1/models/menu.py: -2
[2015-05-05 01:23:49] EDIT pro1/models/menu.py: 0
[2015-05-05 01:24:36] EDIT pro1/models/menu.py: 0
[2015-05-05 01:31:36] EDIT pro1/models/menu.py: 0
[2015-05-05 01:32:21] EDIT pro1/models/menu.py: 0
[2015-05-05 01:32:46] EDIT pro1/models/menu.py: 0
[2015-05-05 01:33:16] EDIT pro1/models/menu.py: 0
[2015-05-05 01:33:57] EDIT pro1/models/menu.py: -101
[2015-05-05 01:35:20] EDIT pro1/models/db.py: 0
[2015-05-05 01:35:35] EDIT pro1/models/db.py: 0
[2015-05-05 01:35:45] EDIT pro1/models/db.py: 0
[2015-05-05 01:36:04] EDIT pro1/models/db.py: 0
[2015-05-05 01:40:20] EDIT pro1/controllers/default.py: 1
[2015-05-05 01:40:38] EDIT pro1/models/db.py: 0
[2015-05-05 01:41:57] EDIT pro1/models/db.py: 0
[2015-05-05 01:44:23] EDIT pro1/models/db.py: 0
[2015-05-05 01:47:34] EDIT pro1/models/db.py: -6
[2015-05-05 01:48:54] EDIT pro1/models/db.py: 0
[2015-05-05 01:49:01] EDIT pro1/models/db.py: 0
[2015-05-05 01:49:15] EDIT pro1/models/db.py: 0
[2015-05-05 01:49:27] EDIT pro1/models/db.py: 0
[2015-05-05 01:49:48] EDIT pro1/models/db.py: 0
[2015-05-05 01:50:44] EDIT pro1/models/db.py: 0
[2015-05-05 01:51:33] EDIT pro1/controllers/default.py: 1
[2015-05-05 01:51:54] EDIT pro1/models/db.py: 0
[2015-05-05 01:54:46] EDIT pro1/models/db.py: 0
[2015-05-05 01:55:21] EDIT pro1/models/db.py: 0
[2015-05-05 01:55:38] EDIT pro1/models/db.py: 0
[2015-05-05 02:06:53] EDIT pro1/models/menu.py: 2
[2015-05-05 02:07:50] EDIT pro1/models/menu.py: 0
[2015-05-05 02:09:30] EDIT pro1/models/menu.py: 0
[2015-05-05 02:14:30] EDIT pro1/models/menu.py: 2
[2015-05-05 02:14:31] EDIT pro1/models/menu.py: 0
[2015-05-05 02:14:32] EDIT pro1/models/menu.py: 0
[2015-05-05 02:19:13] EDIT pro1/views/default/reviews.html: 2
[2015-05-05 02:19:36] EDIT pro1/views/default/reviews.html: 0
[2015-05-05 02:23:36] EDIT pro1/views/default/reviews.html: 0
[2015-05-05 02:23:46] EDIT pro1/controllers/default.py: 0
[2015-05-05 02:23:49] EDIT pro1/views/default/confirm.html: 0
[2015-05-05 02:23:52] EDIT pro1/models/db.py: 0
[2015-05-05 02:23:54] EDIT pro1/views/default/viewbookings.html: 0
[2015-05-05 02:23:57] EDIT pro1/models/menu.py: 0
[2015-05-05 02:24:00] EDIT pro1/views/default/review.html: 0
[2015-05-05 02:24:03] EDIT pro1/views/default/reviews.html: 0
[2015-05-05 02:28:57] EDIT pro1/views/default/review.html: 1
[2015-05-05 02:29:39] EDIT pro1/views/default/creview.html: 2
[2015-05-05 02:30:01] EDIT pro1/views/default/creview.html: -1
[2015-05-05 02:30:47] EDIT pro1/controllers/default.py: 1
[2015-05-05 02:32:16] EDIT pro1/views/default/viewbookings.html: 1
[2015-05-05 02:32:36] EDIT pro1/views/default/viewbookings.html: 0
[2015-05-05 02:32:39] EDIT pro1/views/default/viewbookings.html: 0
